app/build/intermediates/manifest_merge_blame_file/debug/manifest-merger-blame-debug-report.txt
1<?xml version="1.0" encoding="utf-8"?>
2<manifest xmlns:android="http://schemas.android.com/apk/res/android"
3    package="com.example.realestate"
4    android:versionCode="1"
5    android:versionName="1.0" >
6
7    <uses-sdk
8        android:minSdkVersion="16"
8-->src\main\AndroidManifest.xml
9        android:targetSdkVersion="30" />
9-->src\main\AndroidManifest.xml
10    <!--
11         The ACCESS_COARSE/FINE_LOCATION permissions are not required to use
12         Google Maps Android API v2, but you must specify either coarse or fine
13         location permissions for the "MyLocation" functionality.
14    -->
15    <uses-permission android:name="android.permission.ACCESS_FINE_LOCATION" />
15-->src\main\AndroidManifest.xml:10:5-79
15-->src\main\AndroidManifest.xml:10:22-76
16    <uses-permission android:name="android.permission.WRITE_EXTERNAL_STORAGE" />
16-->src\main\AndroidManifest.xml:11:5-81
16-->src\main\AndroidManifest.xml:11:22-78
17    <uses-permission android:name="android.permission.INTERNET" />
17-->src\main\AndroidManifest.xml:12:5-67
17-->src\main\AndroidManifest.xml:12:22-64
18    <uses-permission android:name="android.permission.READ_EXTERNAL_STORAGE" />
18-->src\main\AndroidManifest.xml:13:5-80
18-->src\main\AndroidManifest.xml:13:22-77
19    <uses-permission android:name="android.permission.ACCESS_COARSE_LOCATION" />
19-->src\main\AndroidManifest.xml:14:5-81
19-->src\main\AndroidManifest.xml:14:22-78
20    <uses-permission android:name="android.permission.ACCESS_NETWORK_STATE" />
20-->src\main\AndroidManifest.xml:15:5-79
20-->src\main\AndroidManifest.xml:15:22-76
21    <uses-permission android:name="android.permission.ACCESS_WIFI_STATE" />
21-->src\main\AndroidManifest.xml:16:5-76
21-->src\main\AndroidManifest.xml:16:22-73
22    <uses-permission android:name="android.permission.MEDIA_CONTENT_CONTROL" />
22-->src\main\AndroidManifest.xml:17:5-19:47
22-->src\main\AndroidManifest.xml:18:9-64
23
24    <uses-feature
24-->[com.google.android.gms:play-services-maps:17.0.0] AndroidManifest.xml:26:5-28:35
25        android:glEsVersion="0x00020000"
25-->[com.google.android.gms:play-services-maps:17.0.0] AndroidManifest.xml:27:9-41
26        android:required="true" />
26-->[com.google.android.gms:play-services-maps:17.0.0] AndroidManifest.xml:28:9-32
27
28    <uses-permission android:name="android.permission.WAKE_LOCK" /> <!-- Required by older versions of Google Play services to create IID tokens -->
28-->[com.google.firebase:firebase-iid:21.0.1] AndroidManifest.xml:24:5-68
28-->[com.google.firebase:firebase-iid:21.0.1] AndroidManifest.xml:24:22-65
29    <uses-permission android:name="com.google.android.c2dm.permission.RECEIVE" />
29-->[com.google.firebase:firebase-iid:21.0.1] AndroidManifest.xml:26:5-82
29-->[com.google.firebase:firebase-iid:21.0.1] AndroidManifest.xml:26:22-79
30    <uses-permission android:name="com.google.android.finsky.permission.BIND_GET_INSTALL_REFERRER_SERVICE" /> <!-- Android package visibility setting -->
30-->[com.google.android.gms:play-services-measurement:18.0.0] AndroidManifest.xml:26:5-110
30-->[com.google.android.gms:play-services-measurement:18.0.0] AndroidManifest.xml:26:22-107
31    <queries>
31-->[com.google.android.gms:play-services-ads-lite:19.6.0] AndroidManifest.xml:27:5-38:15
32
33        <!-- For browser content -->
34        <intent>
34-->[com.google.android.gms:play-services-ads-lite:19.6.0] AndroidManifest.xml:30:9-36:18
35            <action android:name="android.intent.action.VIEW" />
35-->[com.google.android.gms:play-services-ads-lite:19.6.0] AndroidManifest.xml:31:13-65
35-->[com.google.android.gms:play-services-ads-lite:19.6.0] AndroidManifest.xml:31:21-62
36
37            <category android:name="android.intent.category.BROWSABLE" />
37-->[com.google.android.gms:play-services-ads-lite:19.6.0] AndroidManifest.xml:33:13-74
37-->[com.google.android.gms:play-services-ads-lite:19.6.0] AndroidManifest.xml:33:23-71
38
39            <data android:scheme="https" />
39-->[com.google.android.gms:play-services-ads-lite:19.6.0] AndroidManifest.xml:35:13-44
39-->[com.google.android.gms:play-services-ads-lite:19.6.0] AndroidManifest.xml:35:19-41
40        </intent>
41        <!-- End of browser content -->
42    </queries>
43
44    <uses-permission android:name="android.permission.RECEIVE_BOOT_COMPLETED" />
44-->[androidx.work:work-runtime:2.1.0] AndroidManifest.xml:27:5-81
44-->[androidx.work:work-runtime:2.1.0] AndroidManifest.xml:27:22-78
45    <uses-permission android:name="android.permission.CAMERA" />
45-->[io.card:android-sdk:5.5.0] AndroidManifest.xml:9:5-65
45-->[io.card:android-sdk:5.5.0] AndroidManifest.xml:9:22-62
46    <uses-permission android:name="android.permission.VIBRATE" />
46-->[io.card:android-sdk:5.5.0] AndroidManifest.xml:10:5-66
46-->[io.card:android-sdk:5.5.0] AndroidManifest.xml:10:22-63
47
48    <uses-feature
48-->[io.card:android-sdk:5.5.0] AndroidManifest.xml:12:5-14:36
49        android:name="android.hardware.camera"
49-->[io.card:android-sdk:5.5.0] AndroidManifest.xml:13:9-47
50        android:required="false" />
50-->[io.card:android-sdk:5.5.0] AndroidManifest.xml:14:9-33
51    <uses-feature
51-->[io.card:android-sdk:5.5.0] AndroidManifest.xml:15:5-17:36
52        android:name="android.hardware.camera.autofocus"
52-->[io.card:android-sdk:5.5.0] AndroidManifest.xml:16:9-57
53        android:required="false" />
53-->[io.card:android-sdk:5.5.0] AndroidManifest.xml:17:9-33
54
55    <application
55-->src\main\AndroidManifest.xml:21:5-104:19
56        android:name="androidx.multidex.MultiDexApplication"
56-->src\main\AndroidManifest.xml:22:9-61
57        android:allowBackup="true"
57-->src\main\AndroidManifest.xml:23:9-35
58        android:appComponentFactory="androidx.core.app.CoreComponentFactory"
58-->[androidx.core:core:1.3.1] AndroidManifest.xml:24:18-86
59        android:configChanges="locale|orientation"
59-->src\main\AndroidManifest.xml:24:9-51
60        android:debuggable="true"
61        android:hardwareAccelerated="false"
61-->src\main\AndroidManifest.xml:25:9-44
62        android:icon="@mipmap/ic_launcher"
62-->src\main\AndroidManifest.xml:26:9-43
63        android:label="@string/app_name"
63-->src\main\AndroidManifest.xml:27:9-41
64        android:largeHeap="true"
64-->src\main\AndroidManifest.xml:28:9-33
65        android:networkSecurityConfig="@xml/network_security_config"
65-->src\main\AndroidManifest.xml:29:9-69
66        android:requestLegacyExternalStorage="true"
66-->src\main\AndroidManifest.xml:30:9-52
67        android:roundIcon="@mipmap/ic_launcher_round"
67-->src\main\AndroidManifest.xml:31:9-54
68        android:supportsRtl="true"
68-->src\main\AndroidManifest.xml:32:9-35
69        android:theme="@style/Theme.RealEstate"
69-->src\main\AndroidManifest.xml:33:9-48
70        android:usesCleartextTraffic="true" >
70-->src\main\AndroidManifest.xml:34:9-44
71        <activity android:name="com.example.realestate.Activities.Connector_Description" />
71-->src\main\AndroidManifest.xml:36:9-70
71-->src\main\AndroidManifest.xml:36:19-67
72
73        <uses-library
73-->src\main\AndroidManifest.xml:38:9-40:40
74            android:name="org.apache.http.legacy"
74-->src\main\AndroidManifest.xml:39:13-50
75            android:required="false" />
75-->src\main\AndroidManifest.xml:40:13-37
76
77        <activity android:name="com.example.realestate.Activities.Login_otp" />
77-->src\main\AndroidManifest.xml:42:9-58
77-->src\main\AndroidManifest.xml:42:19-55
78        <activity android:name="com.example.realestate.Activities.Mobile_register_otp" />
78-->src\main\AndroidManifest.xml:43:9-68
78-->src\main\AndroidManifest.xml:43:19-65
79        <activity android:name="com.example.realestate.Activities.Rating_Activity" />
79-->src\main\AndroidManifest.xml:44:9-64
79-->src\main\AndroidManifest.xml:44:19-61
80        <activity android:name="com.example.realestate.Activities.Permisions" />
80-->src\main\AndroidManifest.xml:45:9-59
80-->src\main\AndroidManifest.xml:45:19-56
81
82        <service
82-->src\main\AndroidManifest.xml:47:9-50:39
83            android:name="com.example.realestate.Utills.MyService"
83-->src\main\AndroidManifest.xml:48:13-45
84            android:enabled="true"
84-->src\main\AndroidManifest.xml:49:13-35
85            android:exported="true" />
85-->src\main\AndroidManifest.xml:50:13-36
86        <!--
87             The API key for Google Maps-based APIs is defined as a string resource.
88             (See the file "res/values/google_maps_api.xml").
89             Note that the API key is linked to the encryption key used to sign the APK.
90             You need a different API key for each encryption key, including the release key that is used to
91             sign the APK for publishing.
92             You can define the keys for the debug and release targets in src/debug/ and src/release/.
93        -->
94        <meta-data
94-->src\main\AndroidManifest.xml:59:9-61:55
95            android:name="com.google.android.geo.API_KEY"
95-->src\main\AndroidManifest.xml:60:13-58
96            android:value="@string/google_maps_key" />
96-->src\main\AndroidManifest.xml:61:13-52
97        <meta-data
97-->src\main\AndroidManifest.xml:62:9-64:70
98            android:name="com.google.android.gms.ads.APPLICATION_ID"
98-->src\main\AndroidManifest.xml:63:13-69
99            android:value="ca-app-pub-2514539521189562~4258320348" />
99-->src\main\AndroidManifest.xml:64:13-67
100        <meta-data
100-->src\main\AndroidManifest.xml:65:9-67:57
101            android:name="preloaded_fonts"
101-->src\main\AndroidManifest.xml:66:13-43
102            android:resource="@array/preloaded_fonts" />
102-->src\main\AndroidManifest.xml:67:13-54
103        <meta-data
103-->src\main\AndroidManifest.xml:68:9-70:63
104            android:name="com.google.firebase.messaging.default_notification_channel_id"
104-->src\main\AndroidManifest.xml:69:13-89
105            android:value="@string/notification_channel_id" />
105-->src\main\AndroidManifest.xml:70:13-60
106        <meta-data
106-->src\main\AndroidManifest.xml:71:9-73:60
107            android:name="com.google.firebase.messaging.default_notification_icon"
107-->src\main\AndroidManifest.xml:72:13-83
108            android:resource="@drawable/ic_notification" />
108-->src\main\AndroidManifest.xml:73:13-57
109        <meta-data
109-->src\main\AndroidManifest.xml:74:9-76:61
110            android:name="com.google.firebase.messaging.default_notification_color"
110-->src\main\AndroidManifest.xml:75:13-84
111            android:resource="@color/activity_background" />
111-->src\main\AndroidManifest.xml:76:13-58
112
113        <service
113-->src\main\AndroidManifest.xml:78:9-84:19
114            android:name="com.example.realestate.Google_Services.MyFirebaseMessagingService"
114-->src\main\AndroidManifest.xml:79:13-71
115            android:exported="false" >
115-->src\main\AndroidManifest.xml:80:13-37
116            <intent-filter>
116-->src\main\AndroidManifest.xml:81:13-83:29
117                <action android:name="com.google.firebase.MESSAGING_EVENT" />
117-->src\main\AndroidManifest.xml:82:17-78
117-->src\main\AndroidManifest.xml:82:25-75
118            </intent-filter>
119        </service>
120
121        <activity android:name="com.example.realestate.Registration.OTPScreen" />
121-->src\main\AndroidManifest.xml:86:9-60
121-->src\main\AndroidManifest.xml:86:19-57
122        <activity android:name="com.example.realestate.Activities.BottomsheetApointment" />
122-->src\main\AndroidManifest.xml:87:9-70
122-->src\main\AndroidManifest.xml:87:19-67
123        <activity android:name="com.example.realestate.Registration.resetpassword" />
123-->src\main\AndroidManifest.xml:88:9-64
123-->src\main\AndroidManifest.xml:88:19-61
124        <activity android:name="com.example.realestate.Registration.forgotpassword" />
124-->src\main\AndroidManifest.xml:89:9-65
124-->src\main\AndroidManifest.xml:89:19-62
125        <activity android:name="com.example.realestate.Registration.SignUpActivity" />
125-->src\main\AndroidManifest.xml:90:9-65
125-->src\main\AndroidManifest.xml:90:19-62
126        <activity android:name="com.example.realestate.Registration.OTPScreenResetPass" />
126-->src\main\AndroidManifest.xml:91:9-69
126-->src\main\AndroidManifest.xml:91:19-66
127        <activity android:name="com.example.realestate.Registration.LoginScreen" />
127-->src\main\AndroidManifest.xml:92:9-62
127-->src\main\AndroidManifest.xml:92:19-59
128        <activity android:name="com.example.realestate.Activities.Adddata" />
128-->src\main\AndroidManifest.xml:93:9-56
128-->src\main\AndroidManifest.xml:93:19-53
129        <activity android:name="com.example.realestate.Activities.UpdateData" />
129-->src\main\AndroidManifest.xml:94:9-59
129-->src\main\AndroidManifest.xml:94:19-56
130        <activity android:name="com.example.realestate.Activities.Description" />
130-->src\main\AndroidManifest.xml:95:9-60
130-->src\main\AndroidManifest.xml:95:19-57
131        <activity android:name="com.example.realestate.Splash.FirstActivity" >
131-->src\main\AndroidManifest.xml:96:9-102:20
131-->src\main\AndroidManifest.xml:96:19-55
132            <intent-filter>
132-->src\main\AndroidManifest.xml:97:13-101:29
133                <action android:name="android.intent.action.MAIN" />
133-->src\main\AndroidManifest.xml:98:17-69
133-->src\main\AndroidManifest.xml:98:25-66
134
135                <category android:name="android.intent.category.LAUNCHER" />
135-->src\main\AndroidManifest.xml:100:17-77
135-->src\main\AndroidManifest.xml:100:27-74
136            </intent-filter>
137        </activity>
138        <activity android:name="com.example.realestate.Activities.MainActivity" />
138-->src\main\AndroidManifest.xml:103:9-61
138-->src\main\AndroidManifest.xml:103:19-58
139        <activity
139-->[com.google.android.libraries.places:places:2.2.0] AndroidManifest.xml:14:9-20:20
140            android:name="com.google.android.libraries.places.widget.AutocompleteActivity"
140-->[com.google.android.libraries.places:places:2.2.0] AndroidManifest.xml:15:13-91
141            android:exported="false"
141-->[com.google.android.libraries.places:places:2.2.0] AndroidManifest.xml:16:13-37
142            android:label="@string/places_autocomplete_label"
142-->[com.google.android.libraries.places:places:2.2.0] AndroidManifest.xml:17:13-62
143            android:theme="@style/PlacesAutocompleteOverlay"
143-->[com.google.android.libraries.places:places:2.2.0] AndroidManifest.xml:18:13-61
144            android:windowSoftInputMode="adjustResize" >
144-->[com.google.android.libraries.places:places:2.2.0] AndroidManifest.xml:19:13-55
145        </activity>
146        <activity android:name="com.paypal.android.sdk.payments.PaymentActivity" />
146-->[com.paypal.sdk:paypal-android-sdk:2.15.3] AndroidManifest.xml:13:9-84
146-->[com.paypal.sdk:paypal-android-sdk:2.15.3] AndroidManifest.xml:13:19-81
147        <activity android:name="com.paypal.android.sdk.payments.PaymentMethodActivity" />
147-->[com.paypal.sdk:paypal-android-sdk:2.15.3] AndroidManifest.xml:14:9-90
147-->[com.paypal.sdk:paypal-android-sdk:2.15.3] AndroidManifest.xml:14:19-87
148        <activity android:name="com.paypal.android.sdk.payments.PaymentConfirmActivity" />
148-->[com.paypal.sdk:paypal-android-sdk:2.15.3] AndroidManifest.xml:15:9-91
148-->[com.paypal.sdk:paypal-android-sdk:2.15.3] AndroidManifest.xml:15:19-88
149        <activity android:name="com.paypal.android.sdk.payments.LoginActivity" />
149-->[com.paypal.sdk:paypal-android-sdk:2.15.3] AndroidManifest.xml:16:9-82
149-->[com.paypal.sdk:paypal-android-sdk:2.15.3] AndroidManifest.xml:16:19-79
150        <activity android:name="com.paypal.android.sdk.payments.PayPalFuturePaymentActivity" />
150-->[com.paypal.sdk:paypal-android-sdk:2.15.3] AndroidManifest.xml:17:9-96
150-->[com.paypal.sdk:paypal-android-sdk:2.15.3] AndroidManifest.xml:17:19-93
151        <activity android:name="com.paypal.android.sdk.payments.FuturePaymentConsentActivity" />
151-->[com.paypal.sdk:paypal-android-sdk:2.15.3] AndroidManifest.xml:18:9-97
151-->[com.paypal.sdk:paypal-android-sdk:2.15.3] AndroidManifest.xml:18:19-94
152        <activity android:name="com.paypal.android.sdk.payments.FuturePaymentInfoActivity" />
152-->[com.paypal.sdk:paypal-android-sdk:2.15.3] AndroidManifest.xml:19:9-94
152-->[com.paypal.sdk:paypal-android-sdk:2.15.3] AndroidManifest.xml:19:19-91
153        <activity android:name="com.paypal.android.sdk.payments.PayPalProfileSharingActivity" />
153-->[com.paypal.sdk:paypal-android-sdk:2.15.3] AndroidManifest.xml:20:9-97
153-->[com.paypal.sdk:paypal-android-sdk:2.15.3] AndroidManifest.xml:20:19-94
154        <activity android:name="com.paypal.android.sdk.payments.ProfileSharingConsentActivity" />
154-->[com.paypal.sdk:paypal-android-sdk:2.15.3] AndroidManifest.xml:21:9-98
154-->[com.paypal.sdk:paypal-android-sdk:2.15.3] AndroidManifest.xml:21:19-95
155
156        <service
156-->[com.paypal.sdk:paypal-android-sdk:2.15.3] AndroidManifest.xml:23:9-25:40
157            android:name="com.paypal.android.sdk.payments.PayPalService"
157-->[com.paypal.sdk:paypal-android-sdk:2.15.3] AndroidManifest.xml:24:13-73
158            android:exported="false" />
158-->[com.paypal.sdk:paypal-android-sdk:2.15.3] AndroidManifest.xml:25:13-37
159        <!--
160             FirebaseMessagingService performs security checks at runtime,
161             but set to not exported to explicitly avoid allowing another app to call it.
162        -->
163        <service
163-->[com.google.firebase:firebase-messaging:21.0.1] AndroidManifest.xml:28:9-35:19
164            android:name="com.google.firebase.messaging.FirebaseMessagingService"
164-->[com.google.firebase:firebase-messaging:21.0.1] AndroidManifest.xml:29:13-82
165            android:directBootAware="true"
165-->[com.google.firebase:firebase-messaging:21.0.1] AndroidManifest.xml:30:13-43
166            android:exported="false" >
166-->[com.google.firebase:firebase-messaging:21.0.1] AndroidManifest.xml:31:13-37
167            <intent-filter android:priority="-500" >
167-->src\main\AndroidManifest.xml:81:13-83:29
168                <action android:name="com.google.firebase.MESSAGING_EVENT" />
168-->src\main\AndroidManifest.xml:82:17-78
168-->src\main\AndroidManifest.xml:82:25-75
169            </intent-filter>
170        </service>
171        <service
171-->[com.google.firebase:firebase-messaging:21.0.1] AndroidManifest.xml:36:9-42:19
172            android:name="com.google.firebase.components.ComponentDiscoveryService"
172-->[com.google.firebase:firebase-messaging:21.0.1] AndroidManifest.xml:37:13-84
173            android:directBootAware="true"
173-->[com.google.firebase:firebase-common:19.5.0] AndroidManifest.xml:35:13-43
174            android:exported="false" >
174-->[com.google.firebase:firebase-messaging:21.0.1] AndroidManifest.xml:38:13-37
175            <meta-data
175-->[com.google.firebase:firebase-messaging:21.0.1] AndroidManifest.xml:39:13-41:85
176                android:name="com.google.firebase.components:com.google.firebase.messaging.FirebaseMessagingRegistrar"
176-->[com.google.firebase:firebase-messaging:21.0.1] AndroidManifest.xml:40:17-119
177                android:value="com.google.firebase.components.ComponentRegistrar" />
177-->[com.google.firebase:firebase-messaging:21.0.1] AndroidManifest.xml:41:17-82
178            <meta-data
178-->[com.google.firebase:firebase-datatransport:17.0.10] AndroidManifest.xml:28:13-30:85
179                android:name="com.google.firebase.components:com.google.firebase.datatransport.TransportRegistrar"
179-->[com.google.firebase:firebase-datatransport:17.0.10] AndroidManifest.xml:29:17-115
180                android:value="com.google.firebase.components.ComponentRegistrar" />
180-->[com.google.firebase:firebase-datatransport:17.0.10] AndroidManifest.xml:30:17-82
181            <meta-data
181-->[com.google.firebase:firebase-iid:21.0.1] AndroidManifest.xml:32:13-34:85
182                android:name="com.google.firebase.components:com.google.firebase.iid.Registrar"
182-->[com.google.firebase:firebase-iid:21.0.1] AndroidManifest.xml:33:17-96
183                android:value="com.google.firebase.components.ComponentRegistrar" />
183-->[com.google.firebase:firebase-iid:21.0.1] AndroidManifest.xml:34:17-82
184            <meta-data
184-->[com.google.android.gms:play-services-measurement-api:18.0.0] AndroidManifest.xml:30:13-32:85
185                android:name="com.google.firebase.components:com.google.firebase.analytics.connector.internal.AnalyticsConnectorRegistrar"
185-->[com.google.android.gms:play-services-measurement-api:18.0.0] AndroidManifest.xml:31:17-139
186                android:value="com.google.firebase.components.ComponentRegistrar" />
186-->[com.google.android.gms:play-services-measurement-api:18.0.0] AndroidManifest.xml:32:17-82
187            <meta-data
187-->[com.google.firebase:firebase-installations:16.3.5] AndroidManifest.xml:18:13-20:85
188                android:name="com.google.firebase.components:com.google.firebase.installations.FirebaseInstallationsRegistrar"
188-->[com.google.firebase:firebase-installations:16.3.5] AndroidManifest.xml:19:17-127
189                android:value="com.google.firebase.components.ComponentRegistrar" />
189-->[com.google.firebase:firebase-installations:16.3.5] AndroidManifest.xml:20:17-82
190            <!--
191                This registrar is not defined in the dynamic-module-support sdk itself to allow non-firebase
192                clients to use it as well, by defining this registrar in their own core/common library.
193            -->
194            <meta-data
194-->[com.google.firebase:firebase-common:19.5.0] AndroidManifest.xml:43:13-45:85
195                android:name="com.google.firebase.components:com.google.firebase.dynamicloading.DynamicLoadingRegistrar"
195-->[com.google.firebase:firebase-common:19.5.0] AndroidManifest.xml:44:17-121
196                android:value="com.google.firebase.components.ComponentRegistrar" />
196-->[com.google.firebase:firebase-common:19.5.0] AndroidManifest.xml:45:17-82
197        </service>
198        <service
198-->[com.google.android.datatransport:transport-backend-cct:2.3.3] AndroidManifest.xml:29:9-35:19
199            android:name="com.google.android.datatransport.runtime.backends.TransportBackendDiscovery"
199-->[com.google.android.datatransport:transport-backend-cct:2.3.3] AndroidManifest.xml:30:13-103
200            android:exported="false" >
200-->[com.google.android.datatransport:transport-backend-cct:2.3.3] AndroidManifest.xml:31:13-37
201            <meta-data
201-->[com.google.android.datatransport:transport-backend-cct:2.3.3] AndroidManifest.xml:32:13-34:39
202                android:name="backend:com.google.android.datatransport.cct.CctBackendFactory"
202-->[com.google.android.datatransport:transport-backend-cct:2.3.3] AndroidManifest.xml:33:17-94
203                android:value="cct" />
203-->[com.google.android.datatransport:transport-backend-cct:2.3.3] AndroidManifest.xml:34:17-36
204        </service>
205
206        <receiver
206-->[com.google.firebase:firebase-iid:21.0.1] AndroidManifest.xml:37:9-44:20
207            android:name="com.google.firebase.iid.FirebaseInstanceIdReceiver"
207-->[com.google.firebase:firebase-iid:21.0.1] AndroidManifest.xml:38:13-78
208            android:exported="true"
208-->[com.google.firebase:firebase-iid:21.0.1] AndroidManifest.xml:39:13-36
209            android:permission="com.google.android.c2dm.permission.SEND" >
209-->[com.google.firebase:firebase-iid:21.0.1] AndroidManifest.xml:40:13-73
210            <intent-filter>
210-->[com.google.firebase:firebase-iid:21.0.1] AndroidManifest.xml:41:13-43:29
211                <action android:name="com.google.android.c2dm.intent.RECEIVE" />
211-->[com.google.firebase:firebase-iid:21.0.1] AndroidManifest.xml:42:17-81
211-->[com.google.firebase:firebase-iid:21.0.1] AndroidManifest.xml:42:25-78
212            </intent-filter>
213        </receiver>
214
215        <provider
215-->[com.google.firebase:firebase-common:19.5.0] AndroidManifest.xml:26:9-31:39
216            android:name="com.google.firebase.provider.FirebaseInitProvider"
216-->[com.google.firebase:firebase-common:19.5.0] AndroidManifest.xml:27:13-77
217            android:authorities="com.example.realestate.firebaseinitprovider"
217-->[com.google.firebase:firebase-common:19.5.0] AndroidManifest.xml:28:13-72
218            android:directBootAware="true"
218-->[com.google.firebase:firebase-common:19.5.0] AndroidManifest.xml:29:13-43
219            android:exported="false"
219-->[com.google.firebase:firebase-common:19.5.0] AndroidManifest.xml:30:13-37
220            android:initOrder="100" />
220-->[com.google.firebase:firebase-common:19.5.0] AndroidManifest.xml:31:13-36
221
222        <activity
222-->[com.google.android.gms:play-services-base:17.3.0] AndroidManifest.xml:23:9-26:75
223            android:name="com.google.android.gms.common.api.GoogleApiActivity"
223-->[com.google.android.gms:play-services-base:17.3.0] AndroidManifest.xml:24:13-79
224            android:exported="false"
224-->[com.google.android.gms:play-services-base:17.3.0] AndroidManifest.xml:25:13-37
225            android:theme="@android:style/Theme.Translucent.NoTitleBar" />
225-->[com.google.android.gms:play-services-base:17.3.0] AndroidManifest.xml:26:13-72
226
227        <receiver
227-->[com.google.android.gms:play-services-measurement:18.0.0] AndroidManifest.xml:29:9-33:20
228            android:name="com.google.android.gms.measurement.AppMeasurementReceiver"
228-->[com.google.android.gms:play-services-measurement:18.0.0] AndroidManifest.xml:30:13-85
229            android:enabled="true"
229-->[com.google.android.gms:play-services-measurement:18.0.0] AndroidManifest.xml:31:13-35
230            android:exported="false" >
230-->[com.google.android.gms:play-services-measurement:18.0.0] AndroidManifest.xml:32:13-37
231        </receiver>
232
233        <service
233-->[com.google.android.gms:play-services-measurement:18.0.0] AndroidManifest.xml:35:9-38:40
234            android:name="com.google.android.gms.measurement.AppMeasurementService"
234-->[com.google.android.gms:play-services-measurement:18.0.0] AndroidManifest.xml:36:13-84
235            android:enabled="true"
235-->[com.google.android.gms:play-services-measurement:18.0.0] AndroidManifest.xml:37:13-35
236            android:exported="false" />
236-->[com.google.android.gms:play-services-measurement:18.0.0] AndroidManifest.xml:38:13-37
237        <service
237-->[com.google.android.gms:play-services-measurement:18.0.0] AndroidManifest.xml:39:9-43:72
238            android:name="com.google.android.gms.measurement.AppMeasurementJobService"
238-->[com.google.android.gms:play-services-measurement:18.0.0] AndroidManifest.xml:40:13-87
239            android:enabled="true"
239-->[com.google.android.gms:play-services-measurement:18.0.0] AndroidManifest.xml:41:13-35
240            android:exported="false"
240-->[com.google.android.gms:play-services-measurement:18.0.0] AndroidManifest.xml:42:13-37
241            android:permission="android.permission.BIND_JOB_SERVICE" /> <!-- Include the AdActivity and InAppPurchaseActivity configChanges and themes. -->
241-->[com.google.android.gms:play-services-measurement:18.0.0] AndroidManifest.xml:43:13-69
242        <activity
242-->[com.google.android.gms:play-services-ads-lite:19.6.0] AndroidManifest.xml:43:9-47:64
243            android:name="com.google.android.gms.ads.AdActivity"
243-->[com.google.android.gms:play-services-ads-lite:19.6.0] AndroidManifest.xml:44:13-65
244            android:configChanges="keyboard|keyboardHidden|orientation|screenLayout|uiMode|screenSize|smallestScreenSize"
244-->[com.google.android.gms:play-services-ads-lite:19.6.0] AndroidManifest.xml:45:13-122
245            android:exported="false"
245-->[com.google.android.gms:play-services-ads-lite:19.6.0] AndroidManifest.xml:46:13-37
246            android:theme="@android:style/Theme.Translucent" />
246-->[com.google.android.gms:play-services-ads-lite:19.6.0] AndroidManifest.xml:47:13-61
247
248        <provider
248-->[com.google.android.gms:play-services-ads-lite:19.6.0] AndroidManifest.xml:49:9-53:39
249            android:name="com.google.android.gms.ads.MobileAdsInitProvider"
249-->[com.google.android.gms:play-services-ads-lite:19.6.0] AndroidManifest.xml:50:13-76
250            android:authorities="com.example.realestate.mobileadsinitprovider"
250-->[com.google.android.gms:play-services-ads-lite:19.6.0] AndroidManifest.xml:51:13-73
251            android:exported="false"
251-->[com.google.android.gms:play-services-ads-lite:19.6.0] AndroidManifest.xml:52:13-37
252            android:initOrder="100" />
252-->[com.google.android.gms:play-services-ads-lite:19.6.0] AndroidManifest.xml:53:13-36
253
254        <service
254-->[com.google.android.gms:play-services-ads-lite:19.6.0] AndroidManifest.xml:55:9-58:40
255            android:name="com.google.android.gms.ads.AdService"
255-->[com.google.android.gms:play-services-ads-lite:19.6.0] AndroidManifest.xml:56:13-64
256            android:enabled="true"
256-->[com.google.android.gms:play-services-ads-lite:19.6.0] AndroidManifest.xml:57:13-35
257            android:exported="false" />
257-->[com.google.android.gms:play-services-ads-lite:19.6.0] AndroidManifest.xml:58:13-37
258
259        <meta-data
259-->[com.google.android.gms:play-services-basement:17.3.0] AndroidManifest.xml:23:9-25:69
260            android:name="com.google.android.gms.version"
260-->[com.google.android.gms:play-services-basement:17.3.0] AndroidManifest.xml:24:13-58
261            android:value="@integer/google_play_services_version" />
261-->[com.google.android.gms:play-services-basement:17.3.0] AndroidManifest.xml:25:13-66
262
263        <provider
263-->[androidx.work:work-runtime:2.1.0] AndroidManifest.xml:30:9-36:35
264            android:name="androidx.work.impl.WorkManagerInitializer"